Arguments: 
  C:\Program Files\nodejs\node.exe C:\Program Files\nodejs\node_modules\yarn\bin\yarn.js

PATH: 
  C:\Program Files (x86)\Common Files\Oracle\Java\javapath;C:\ProgramData\Oracle\Java\javapath;C:\Program Files (x86)\Intel\iCLS Client\;C:\Program Files\Intel\iCLS Client\;C:\WINDOWS\system32;C:\WINDOWS;C:\WINDOWS\System32\Wbem;C:\WINDOWS\System32\WindowsPowerShell\v1.0\;C:\Program Files (x86)\Intel\OpenCL SDK\2.0\bin\x86;C:\Program Files (x86)\Intel\OpenCL SDK\2.0\bin\x64;C:\Program Files\Intel\Intel(R) Management Engine Components\DAL;C:\Program Files\Intel\Intel(R) Management Engine Components\IPT;C:\Program Files (x86)\Intel\Intel(R) Management Engine Components\DAL;C:\Program Files (x86)\Intel\Intel(R) Management Engine Components\IPT;C:\Program Files (x86)\NVIDIA Corporation\PhysX\Common;C:\Program Files\Java\jdk1.8.0_111\bin;C:\Program Files\Java\jdk1.8.0_111\jre\bin;D:\android\tools;D:\android\platform-tools;D:\Python27;C:\WINDOWS\System32\OpenSSH\;C:\Program Files\NVIDIA Corporation\NVIDIA NvDLISR;C:\WINDOWS\system32;C:\WINDOWS;C:\WINDOWS\System32\Wbem;C:\WINDOWS\System32\WindowsPowerShell\v1.0\;C:\WINDOWS\System32\OpenSSH\;D:\tools\nvm;C:\Program Files\nodejs;C:\Program Files (x86)\Yarn\bin\;C:\Program Files\Go\bin;C:\Python310;C:\Python310\Scripts;D:\Program Files\Microsoft VS Code\bin;C:\Program Files\Git\cmd;C:\Users\思钧\AppData\Local\Programs\Python\Python310\Scripts\;C:\Users\思钧\AppData\Local\Programs\Python\Python310\;C:\Users\思钧\AppData\Local\Microsoft\WindowsApps;D:\Program Files\nodejs;D:\tools\nvm;C:\Program Files\nodejs;C:\Users\思钧\AppData\Local\Yarn\bin;C:\Users\思钧\go\bin;D:\Program Files (x86)\Brackets\;D:\Python27;D:\Python27\Scripts;C:\Python310;C:\Python310\Scripts;C:\Users\思钧\AppData\Local\Programs\Julia-1.7.3\bin

Yarn version: 
  1.22.17

Node version: 
  14.18.1

Platform: 
  win32 x64

Trace: 
  Error: EPERM: operation not permitted, unlink 'D:\workspace\Vue\zulu-vue-ui\node_modules\esbuild\esbuild.exe'

npm manifest: 
  {
    "name": "zulu-vue-ui",
    "version": "0.0.0",
    "scripts": {
      "dev": "vite",
      "build": "vite build"
    },
    "resolutions": {
      "node-sass": "npm:sass@^5.0.0"
    },
    "dependencies": {
      "@vitejs/plugin-vue": "^1.1.5",
      "sass-loader": "^11.0.1",
      "typescript": "^4.2.3",
      "vue": "^3.0.7",
      "vue-router": "4.0.4"
    },
    "devDependencies": {
      "sass": "^1.32.8",
      "@vue/compiler-sfc": "^3.0.7",
      "vite": "^2.0.5",
      "@typescript-eslint/eslint-plugin": "^4.16.1",
      "@typescript-eslint/parser": "^4.16.1"
    }
  }

yarn manifest: 
  No manifest

Lockfile: 
  No lockfile
